Tweet by: @lexbot0
[{'code': 327, 'message': 'You have already retweeted this Tweet.'}]
Tweet by: @AltBot4
[{'code': 327, 'message': 'You have already retweeted this Tweet.'}]
Tweet by: @lexbot0
[{'code': 327, 'message': 'You have already retweeted this Tweet.'}]
Tweet by: @Taieb_Bot
[{'code': 327, 'message': 'You have already retweeted this Tweet.'}]
Tweet by: @AaronCuddeback
[{'code': 327, 'message': 'You have already retweeted this Tweet.'}]
Tweet by: @AaronCuddeback
[{'code': 327, 'message': 'You have already retweeted this Tweet.'}]
Tweet by: @Darkcoder19
[{'code': 327, 'message': 'You have already retweeted this Tweet.'}]
Tweet by: @lexbot0
[{'code': 327, 'message': 'You have already retweeted this Tweet.'}]
Tweet by: @xaelbot
[{'code': 327, 'message': 'You have already retweeted this Tweet.'}]
Tweet by: @learn__together
[{'code': 327, 'message': 'You have already retweeted this Tweet.'}]
